#
# A fatal error has been detected by the Java Runtime Environment:
#
#  EXCEPTION_ACCESS_VIOLATION (0xc0000005) at pc=0x0000000075943813, pid=760, tid=1168
#
# JRE version: Java(TM) SE Runtime Environment (9.0+11) (build 9.0.1+11)
# Java VM: Java HotSpot(TM) 64-Bit Server VM (9.0.1+11, mixed mode, tiered, compressed oops, g1 gc, windows-amd64)
# Problematic frame:
# C  [nvoglv64.dll+0xdf3813]
#
# No core dump will be written. Minidumps are not enabled by default on client versions of Windows
#
# If you would like to submit a bug report, please visit:
#   http://bugreport.java.com/bugreport/crash.jsp
# The crash happened outside the Java Virtual Machine in native code.
# See problematic frame for where to report the bug.
#

---------------  S U M M A R Y ------------

Command Line: -javaagent:C:\Program Files\JetBrains\IntelliJ IDEA Community Edition 2017.3.1\lib\idea_rt.jar=52897:C:\Program Files\JetBrains\IntelliJ IDEA Community Edition 2017.3.1\bin -Dfile.encoding=UTF-8 jogl09objectarrays.JOGLApp

Host: Intel(R) Core(TM) i5-3570K CPU @ 3.40GHz, 4 cores, 7G,  Windows 10 , 64 bit Build 16299 (10.0.16299.15)
Time: Fri Apr 13 16:39:04 2018 Stoední Evropa (letní eas) elapsed time: 1 seconds (0d 0h 0m 1s)

---------------  T H R E A D  ---------------

Current thread (0x000001ef9790d000):  JavaThread "AWT-EventQueue-0" [_thread_in_native, id=1168, stack(0x000000575f600000,0x000000575f700000)]

Stack: [0x000000575f600000,0x000000575f700000],  sp=0x000000575f6fae78,  free space=1003k
Native frames: (J=compiled Java code, j=interpreted, Vv=VM code, C=native code)
C  [nvoglv64.dll+0xdf3813]

Java frames: (J=compiled Java code, j=interpreted, Vv=VM code)
j  jogamp.opengl.gl4.GL4bcImpl.dispatch_glArrayElement1(IJ)V+0
j  jogamp.opengl.gl4.GL4bcImpl.glArrayElement(I)V+40
j  jogl09objectarrays.TestRenderer.display(Lcom/jogamp/opengl/GLAutoDrawable;)V+1463
j  jogamp.opengl.GLDrawableHelper.displayImpl(Lcom/jogamp/opengl/GLAutoDrawable;)V+62
j  jogamp.opengl.GLDrawableHelper.display(Lcom/jogamp/opengl/GLAutoDrawable;)V+2
j  com.jogamp.opengl.awt.GLCanvas$11.run()V+118
j  jogamp.opengl.GLDrawableHelper.invokeGLImpl(Lcom/jogamp/opengl/GLDrawable;Lcom/jogamp/opengl/GLContext;Ljava/lang/Runnable;Ljava/lang/Runnable;)V+203
j  jogamp.opengl.GLDrawableHelper.invokeGL(Lcom/jogamp/opengl/GLDrawable;Lcom/jogamp/opengl/GLContext;Ljava/lang/Runnable;Ljava/lang/Runnable;)V+72
j  com.jogamp.opengl.awt.GLCanvas$12.run()V+104
j  com.jogamp.opengl.Threading.invoke(ZLjava/lang/Runnable;Ljava/lang/Object;)V+27
j  com.jogamp.opengl.awt.GLCanvas.display()V+64
j  com.jogamp.opengl.awt.GLCanvas.paint(Ljava/awt/Graphics;)V+137
j  sun.awt.RepaintArea.paintComponent(Ljava/awt/Component;Ljava/awt/Graphics;)V+6 java.desktop@9.0.1
j  sun.awt.RepaintArea.paint(Ljava/lang/Object;Z)V+326 java.desktop@9.0.1
j  sun.awt.windows.WComponentPeer.handleEvent(Ljava/awt/AWTEvent;)V+155 java.desktop@9.0.1
j  java.awt.Component.dispatchEventImpl(Ljava/awt/AWTEvent;)V+733 java.desktop@9.0.1
j  java.awt.Component.dispatchEvent(Ljava/awt/AWTEvent;)V+2 java.desktop@9.0.1
j  java.awt.EventQueue.dispatchEventImpl(Ljava/awt/AWTEvent;Ljava/lang/Object;)V+41 java.desktop@9.0.1
j  java.awt.EventQueue.access$500(Ljava/awt/EventQueue;Ljava/awt/AWTEvent;Ljava/lang/Object;)V+3 java.desktop@9.0.1
j  java.awt.EventQueue$3.run()Ljava/lang/Void;+32 java.desktop@9.0.1
j  java.awt.EventQueue$3.run()Ljava/lang/Object;+1 java.desktop@9.0.1
v  ~StubRoutines::call_stub
j  java.security.AccessController.doPrivileged(Ljava/security/PrivilegedAction;Ljava/security/AccessControlContext;)Ljava/lang/Object;+0 java.base@9.0.1
j  java.security.ProtectionDomain$JavaSecurityAccessImpl.doIntersectionPrivilege(Ljava/security/PrivilegedAction;Ljava/security/AccessControlContext;Ljava/security/AccessControlContext;)Ljava/lang/Object;+18 java.base@9.0.1
j  java.security.ProtectionDomain$JavaSecurityAccessImpl.doIntersectionPrivilege(Ljava/security/PrivilegedAction;Ljava/security/AccessControlContext;)Ljava/lang/Object;+6 java.base@9.0.1
j  java.awt.EventQueue$4.run()Ljava/lang/Void;+11 java.desktop@9.0.1
j  java.awt.EventQueue$4.run()Ljava/lang/Object;+1 java.desktop@9.0.1
v  ~StubRoutines::call_stub
j  java.security.AccessController.doPrivileged(Ljava/security/PrivilegedAction;Ljava/security/AccessControlContext;)Ljava/lang/Object;+0 java.base@9.0.1
j  java.security.ProtectionDomain$JavaSecurityAccessImpl.doIntersectionPrivilege(Ljava/security/PrivilegedAction;Ljava/security/AccessControlContext;Ljava/security/AccessControlContext;)Ljava/lang/Object;+18 java.base@9.0.1
j  java.awt.EventQueue.dispatchEvent(Ljava/awt/AWTEvent;)V+73 java.desktop@9.0.1
j  java.awt.EventDispatchThread.pumpOneEventForFilters(I)V+183 java.desktop@9.0.1
j  java.awt.EventDispatchThread.pumpEventsForFilter(ILjava/awt/Conditional;Ljava/awt/EventFilter;)V+35 java.desktop@9.0.1
j  java.awt.EventDispatchThread.pumpEventsForHierarchy(ILjava/awt/Conditional;Ljava/awt/Component;)V+11 java.desktop@9.0.1
j  java.awt.EventDispatchThread.pumpEvents(ILjava/awt/Conditional;)V+4 java.desktop@9.0.1
j  java.awt.EventDispatchThread.pumpEvents(Ljava/awt/Conditional;)V+3 java.desktop@9.0.1
j  java.awt.EventDispatchThread.run()V+9 java.desktop@9.0.1
v  ~StubRoutines::call_stub

siginfo: EXCEPTION_ACCESS_VIOLATION (0xc0000005), reading address 0x0000000000000004


Register to memory mapping:

RIP=0x0000000075943813 nvoglv64.dll
RAX=0x0000000076b5d750 nvoglv64.dll
RBX=0x000001ef9f9b0000 is an unknown value
RCX=0x0000000000000000 is an unknown value
RDX=0x000001ef9f9b0000 is an unknown value
RSP=0x000000575f6fae78 is pointing into the stack for thread: 0x000001ef9790d000
RBP=0x000000575f6fafb0 is pointing into the stack for thread: 0x000001ef9790d000
RSI=0x0000000000000000 is an unknown value
RDI=0x0000000000000000 is an unknown value
R8 =0x000001ef9a6d6d38 is an unknown value
R9 =0x000000000000001b is an unknown value
R10=0x000001ef9fa28328 is an unknown value
R11=0x000000575f6f7960 is pointing into the stack for thread: 0x000001ef9790d000
R12=0x0000000000000000 is an unknown value
R13={method} {0x000001ef9e0a6c58} 'dispatch_glArrayElement1' '(IJ)V' in 'jogamp/opengl/gl4/GL4bcImpl'
R14=0x000000575f6fafe8 is pointing into the stack for thread: 0x000001ef9790d000
R15=0x000001ef9790d000 is a thread


Registers:
RAX=0x0000000076b5d750, RBX=0x000001ef9f9b0000, RCX=0x0000000000000000, RDX=0x000001ef9f9b0000
RSP=0x000000575f6fae78, RBP=0x000000575f6fafb0, RSI=0x0000000000000000, RDI=0x0000000000000000
R8 =0x000001ef9a6d6d38, R9 =0x000000000000001b, R10=0x000001ef9fa28328, R11=0x000000575f6f7960
R12=0x0000000000000000, R13=0x000001ef9e0a6c50, R14=0x000000575f6fafe8, R15=0x000001ef9790d000
RIP=0x0000000075943813, EFLAGS=0x0000000000010206

Top of Stack: (sp=0x000000575f6fae78)
0x000000575f6fae78:   0000000075651e48 000001ef9790d000
0x000000575f6fae88:   000000575f6fafe8 000001ef9e0a6c50
0x000000575f6fae98:   0000000000000000 0000000000000000
0x000000575f6faea8:   000001ef9f5ffe3e 000001ef9f9b0000
0x000000575f6faeb8:   0000000075501d11 0000000000000000
0x000000575f6faec8:   000001ef00000000 000001ef9e0a6c50
0x000000575f6faed8:   000001ef9f9b0000 000001ef9fba1dd0
0x000000575f6faee8:   000000007586bd58 000001ef9f9b0000
0x000000575f6faef8:   000001ef9790d000 000001ef9e0a6c50
0x000000575f6faf08:   000001ef9e0a6c50 000001ef8000b603
0x000000575f6faf18:   000001ef8001919c 000001ef9e0a6c50
0x000000575f6faf28:   000001ef9f9b0000 000001ef8000b603
0x000000575f6faf38:   000001ef80018eac 000001ef9790d000
0x000000575f6faf48:   000001ef9e0a6c50 000001ef9fba1dd0
0x000000575f6faf58:   000001ef9fba1dd0 000001ef80018e53
0x000000575f6faf68:   000000575f6faf68 000001ef9e0a6c50 

Instructions: (pc=0x0000000075943813)
0x00000000759437f3:   c3 cc cc cc cc cc cc cc cc cc cc cc cc 65 48 8b
0x0000000075943803:   14 25 48 12 00 00 81 8a 9c c6 08 00 00 f0 00 00
0x0000000075943813:   f3 0f 10 41 04 f3 0f 10 49 08 f3 0f 10 51 0c 8b
0x0000000075943823:   01 f3 0f 11 82 48 c7 08 00 f3 0f 11 8a 4c c7 08 



---------------  P R O C E S S  ---------------

Java Threads: ( => current thread )
  0x000001ef9d327800 JavaThread "D3D Screen Updater" daemon [_thread_blocked, id=948, stack(0x0000005760310000,0x0000005760410000)]
  0x000001ef9cb50800 JavaThread "AWT-EventQueue-0-SharedResourceRunner" daemon [_thread_blocked, id=9512, stack(0x000000575fa10000,0x000000575fb10000)]
  0x000001eff39c5000 JavaThread "DestroyJavaVM" [_thread_blocked, id=10056, stack(0x000000575d900000,0x000000575da00000)]
=>0x000001ef9790d000 JavaThread "AWT-EventQueue-0" [_thread_in_native, id=1168, stack(0x000000575f600000,0x000000575f700000)]
  0x000001ef9791c000 JavaThread "AWT-Windows" daemon [_thread_in_native, id=1384, stack(0x000000575f500000,0x000000575f600000)]
  0x000001ef9791b000 JavaThread "AWT-Shutdown" [_thread_blocked, id=2736, stack(0x000000575f400000,0x000000575f500000)]
  0x000001ef9791a800 JavaThread "Java2D Disposer" daemon [_thread_blocked, id=10896, stack(0x000000575f300000,0x000000575f400000)]
  0x000001ef977a1800 JavaThread "Service Thread" daemon [_thread_blocked, id=9944, stack(0x000000575f100000,0x000000575f200000)]
  0x000001ef9709e000 JavaThread "Monitor Ctrl-Break" daemon [_thread_in_native, id=2132, stack(0x000000575f000000,0x000000575f100000)]
  0x000001ef96eda800 JavaThread "Common-Cleaner" daemon [_thread_blocked, id=6068, stack(0x000000575ef00000,0x000000575f000000)]
  0x000001ef96eb4800 JavaThread "Sweeper thread" daemon [_thread_blocked, id=3208, stack(0x000000575ee00000,0x000000575ef00000)]
  0x000001ef96e7d800 JavaThread "C1 CompilerThread2" daemon [_thread_blocked, id=10588, stack(0x000000575ed00000,0x000000575ee00000)]
  0x000001ef96e4f800 JavaThread "C2 CompilerThread1" daemon [_thread_blocked, id=272, stack(0x000000575ec00000,0x000000575ed00000)]
  0x000001ef96e35800 JavaThread "C2 CompilerThread0" daemon [_thread_blocked, id=6636, stack(0x000000575eb00000,0x000000575ec00000)]
  0x000001ef96e32800 JavaThread "Attach Listener" daemon [_thread_blocked, id=5968, stack(0x000000575ea00000,0x000000575eb00000)]
  0x000001ef96e31800 JavaThread "Signal Dispatcher" daemon [_thread_blocked, id=4404, stack(0x000000575e900000,0x000000575ea00000)]
  0x000001ef96dea800 JavaThread "Finalizer" daemon [_thread_blocked, id=4748, stack(0x000000575e700000,0x000000575e800000)]
  0x000001ef96de1000 JavaThread "Reference Handler" daemon [_thread_blocked, id=10244, stack(0x000000575e600000,0x000000575e700000)]

Other Threads:
  0x000001ef96dd4800 VMThread "VM Thread" [stack: 0x000000575e500000,0x000000575e600000] [id=8876]
  0x000001ef9746a000 WatcherThread [stack: 0x000000575f200000,0x000000575f300000] [id=5996]
  0x000001eff39db000 GCTaskThread "GC Thread#0" [stack: 0x000000575da00000,0x000000575db00000] [id=6696]
  0x000001eff39dc800 GCTaskThread "GC Thread#1" [stack: 0x000000575db00000,0x000000575dc00000] [id=9836]
  0x000001eff39de000 GCTaskThread "GC Thread#2" [stack: 0x000000575dc00000,0x000000575dd00000] [id=11000]
  0x000001eff39e0800 GCTaskThread "GC Thread#3" [stack: 0x000000575dd00000,0x000000575de00000] [id=7056]
  0x000001eff3a6a000 ConcurrentGCThread "G1 Main Marker" [stack: 0x000000575e300000,0x000000575e400000] [id=9436]
  0x000001eff3a6a800 ConcurrentGCThread "G1 Marker#0" [stack: 0x000000575e400000,0x000000575e500000] [id=5740]
  0x000001eff39f6800 ConcurrentGCThread "G1 Refine#0" [stack: 0x000000575e100000,0x000000575e200000] [id=7456]
  0x000001eff39f1800 ConcurrentGCThread "G1 Refine#1" [stack: 0x000000575e000000,0x000000575e100000] [id=1916]
  0x000001eff39ef800 ConcurrentGCThread "G1 Refine#2" [stack: 0x000000575df00000,0x000000575e000000] [id=6456]
  0x000001eff39e8000 ConcurrentGCThread "G1 Refine#3" [stack: 0x000000575de00000,0x000000575df00000] [id=8696]
  0x000001eff39f7800 ConcurrentGCThread "G1 Young RemSet Sampling" [stack: 0x000000575e200000,0x000000575e300000] [id=6272]

Threads with active compile tasks:

VM state:not at safepoint (normal execution)

VM Mutex/Monitor currently owned by a thread: None

Heap address: 0x0000000080c00000, size: 2036 MB, Compressed Oops mode: 32-bit
Narrow klass base: 0x0000000000000000, Narrow klass shift: 3
Compressed class space size: 1073741824 Address: 0x0000000100000000

Heap:
 garbage-first heap   total 131072K, used 34382K [0x0000000080c00000, 0x0000000080d00400, 0x0000000100000000)
  region size 1024K, 31 young (31744K), 2 survivors (2048K)
 Metaspace       used 19763K, capacity 20592K, committed 20736K, reserved 1069056K
  class space    used 1828K, capacity 1964K, committed 2048K, reserved 1048576K
Heap Regions: E=young(eden), S=young(survivor), O=old, HS=humongous(starts), HC=humongous(continues), CS=collection set, F=free, A=archive, TS=gc time stamp, AC=allocation context, TAMS=top-at-mark-start (previous, next)
|   0|0x0000000080c00000, 0x0000000080d00000, 0x0000000080d00000|100%| O|  |TS  1|AC  0|TAMS 0x0000000080c00000, 0x0000000080c00000|
|   1|0x0000000080d00000, 0x0000000080d93a00, 0x0000000080e00000| 57%| O|  |TS  1|AC  0|TAMS 0x0000000080d00000, 0x0000000080d00000|
|   2|0x0000000080e00000, 0x0000000080f00000, 0x0000000080f00000|100%|HS|  |TS  0|AC  0|TAMS 0x0000000080e00000, 0x0000000080e00000|
|   3|0x0000000080f00000, 0x0000000081000000, 0x0000000081000000|100%|HS|  |TS  0|AC  0|TAMS 0x0000000080f00000, 0x0000000080f00000|
|   4|0x0000000081000000, 0x0000000081000000, 0x0000000081100000|  0%| F|  |TS  0|AC  0|TAMS 0x0000000081000000, 0x0000000081000000|
|   5|0x0000000081100000, 0x0000000081100000, 0x0000000081200000|  0%| F|  |TS  0|AC  0|TAMS 0x0000000081100000, 0x0000000081100000|
|   6|0x0000000081200000, 0x0000000081200000, 0x0000000081300000|  0%| F|  |TS  0|AC  0|TAMS 0x0000000081200000, 0x0000000081200000|
|   7|0x0000000081300000, 0x0000000081300000, 0x0000000081400000|  0%| F|  |TS  0|AC  0|TAMS 0x0000000081300000, 0x0000000081300000|
|   8|0x0000000081400000, 0x0000000081400000, 0x0000000081500000|  0%| F|  |TS  0|AC  0|TAMS 0x0000000081400000, 0x0000000081400000|
|   9|0x0000000081500000, 0x0000000081500000, 0x0000000081600000|  0%| F|  |TS  0|AC  0|TAMS 0x0000000081500000, 0x0000000081500000|
|  10|0x0000000081600000, 0x0000000081600000, 0x0000000081700000|  0%| F|  |TS  0|AC  0|TAMS 0x0000000081600000, 0x0000000081600000|
|  11|0x0000000081700000, 0x0000000081700000, 0x0000000081800000|  0%| F|  |TS  0|AC  0|TAMS 0x0000000081700000, 0x0000000081700000|
|  12|0x0000000081800000, 0x0000000081800000, 0x0000000081900000|  0%| F|  |TS  0|AC  0|TAMS 0x0000000081800000, 0x0000000081800000|
|  13|0x0000000081900000, 0x0000000081900000, 0x0000000081a00000|  0%| F|  |TS  0|AC  0|TAMS 0x0000000081900000, 0x0000000081900000|
|  14|0x0000000081a00000, 0x0000000081a00000, 0x0000000081b00000|  0%| F|  |TS  0|AC  0|TAMS 0x0000000081a00000, 0x0000000081a00000|
|  15|0x0000000081b00000, 0x0000000081b00000, 0x0000000081c00000|  0%| F|  |TS  0|AC  0|TAMS 0x0000000081b00000, 0x0000000081b00000|
|  16|0x0000000081c00000, 0x0000000081c00000, 0x0000000081d00000|  0%| F|  |TS  0|AC  0|TAMS 0x0000000081c00000, 0x0000000081c00000|
|  17|0x0000000081d00000, 0x0000000081d00000, 0x0000000081e00000|  0%| F|  |TS  0|AC  0|TAMS 0x0000000081d00000, 0x0000000081d00000|
|  18|0x0000000081e00000, 0x0000000081e00000, 0x0000000081f00000|  0%| F|  |TS  0|AC  0|TAMS 0x0000000081e00000, 0x0000000081e00000|
|  19|0x0000000081f00000, 0x0000000081f00000, 0x0000000082000000|  0%| F|  |TS  0|AC  0|TAMS 0x0000000081f00000, 0x0000000081f00000|
|  20|0x0000000082000000, 0x0000000082000000, 0x0000000082100000|  0%| F|  |TS  0|AC  0|TAMS 0x0000000082000000, 0x0000000082000000|
|  21|0x0000000082100000, 0x0000000082100000, 0x0000000082200000|  0%| F|  |TS  0|AC  0|TAMS 0x0000000082100000, 0x0000000082100000|
|  22|0x0000000082200000, 0x0000000082200000, 0x0000000082300000|  0%| F|  |TS  0|AC  0|TAMS 0x0000000082200000, 0x0000000082200000|
|  23|0x0000000082300000, 0x0000000082300000, 0x0000000082400000|  0%| F|  |TS  0|AC  0|TAMS 0x0000000082300000, 0x0000000082300000|
|  24|0x0000000082400000, 0x0000000082400000, 0x0000000082500000|  0%| F|  |TS  0|AC  0|TAMS 0x0000000082400000, 0x0000000082400000|
|  25|0x0000000082500000, 0x0000000082500000, 0x0000000082600000|  0%| F|  |TS  0|AC  0|TAMS 0x0000000082500000, 0x0000000082500000|
|  26|0x0000000082600000, 0x0000000082600000, 0x0000000082700000|  0%| F|  |TS  0|AC  0|TAMS 0x0000000082600000, 0x0000000082600000|
|  27|0x0000000082700000, 0x0000000082700000, 0x0000000082800000|  0%| F|  |TS  0|AC  0|TAMS 0x0000000082700000, 0x0000000082700000|
|  28|0x0000000082800000, 0x0000000082800000, 0x0000000082900000|  0%| F|  |TS  0|AC  0|TAMS 0x0000000082800000, 0x0000000082800000|
|  29|0x0000000082900000, 0x0000000082900000, 0x0000000082a00000|  0%| F|  |TS  0|AC  0|TAMS 0x0000000082900000, 0x0000000082900000|
|  30|0x0000000082a00000, 0x0000000082a00000, 0x0000000082b00000|  0%| F|  |TS  0|AC  0|TAMS 0x0000000082a00000, 0x0000000082a00000|
|  31|0x0000000082b00000, 0x0000000082b00000, 0x0000000082c00000|  0%| F|  |TS  0|AC  0|TAMS 0x0000000082b00000, 0x0000000082b00000|
|  32|0x0000000082c00000, 0x0000000082c00000, 0x0000000082d00000|  0%| F|  |TS  0|AC  0|TAMS 0x0000000082c00000, 0x0000000082c00000|
|  33|0x0000000082d00000, 0x0000000082d00000, 0x0000000082e00000|  0%| F|  |TS  0|AC  0|TAMS 0x0000000082d00000, 0x0000000082d00000|
|  34|0x0000000082e00000, 0x0000000082e00000, 0x0000000082f00000|  0%| F|  |TS  0|AC  0|TAMS 0x0000000082e00000, 0x0000000082e00000|
|  35|0x0000000082f00000, 0x0000000082f00000, 0x0000000083000000|  0%| F|  |TS  0|AC  0|TAMS 0x0000000082f00000, 0x0000000082f00000|
|  36|0x0000000083000000, 0x0000000083000000, 0x0000000083100000|  0%| F|  |TS  0|AC  0|TAMS 0x0000000083000000, 0x0000000083000000|
|  37|0x0000000083100000, 0x0000000083100000, 0x0000000083200000|  0%| F|  |TS  0|AC  0|TAMS 0x0000000083100000, 0x0000000083100000|
|  38|0x0000000083200000, 0x0000000083200000, 0x0000000083300000|  0%| F|  |TS  0|AC  0|TAMS 0x0000000083200000, 0x0000000083200000|
|  39|0x0000000083300000, 0x0000000083300000, 0x0000000083400000|  0%| F|  |TS  0|AC  0|TAMS 0x0000000083300000, 0x0000000083300000|
|  40|0x0000000083400000, 0x0000000083400000, 0x0000000083500000|  0%| F|  |TS  0|AC  0|TAMS 0x0000000083400000, 0x0000000083400000|
|  41|0x0000000083500000, 0x0000000083500000, 0x0000000083600000|  0%| F|  |TS  0|AC  0|TAMS 0x0000000083500000, 0x0000000083500000|
|  42|0x0000000083600000, 0x0000000083600000, 0x0000000083700000|  0%| F|  |TS  0|AC  0|TAMS 0x0000000083600000, 0x0000000083600000|
|  43|0x0000000083700000, 0x0000000083700000, 0x0000000083800000|  0%| F|  |TS  0|AC  0|TAMS 0x0000000083700000, 0x0000000083700000|
|  44|0x0000000083800000, 0x0000000083800000, 0x0000000083900000|  0%| F|  |TS  0|AC  0|TAMS 0x0000000083800000, 0x0000000083800000|
|  45|0x0000000083900000, 0x0000000083900000, 0x0000000083a00000|  0%| F|  |TS  0|AC  0|TAMS 0x0000000083900000, 0x0000000083900000|
|  46|0x0000000083a00000, 0x0000000083a00000, 0x0000000083b00000|  0%| F|  |TS  0|AC  0|TAMS 0x0000000083a00000, 0x0000000083a00000|
|  47|0x0000000083b00000, 0x0000000083b00000, 0x0000000083c00000|  0%| F|  |TS  0|AC  0|TAMS 0x0000000083b00000, 0x0000000083b00000|
|  48|0x0000000083c00000, 0x0000000083c00000, 0x0000000083d00000|  0%| F|  |TS  0|AC  0|TAMS 0x0000000083c00000, 0x0000000083c00000|
|  49|0x0000000083d00000, 0x0000000083d00000, 0x0000000083e00000|  0%| F|  |TS  0|AC  0|TAMS 0x0000000083d00000, 0x0000000083d00000|
|  50|0x0000000083e00000, 0x0000000083e00000, 0x0000000083f00000|  0%| F|  |TS  0|AC  0|TAMS 0x0000000083e00000, 0x0000000083e00000|
|  51|0x0000000083f00000, 0x0000000083f00000, 0x0000000084000000|  0%| F|  |TS  0|AC  0|TAMS 0x0000000083f00000, 0x0000000083f00000|
|  52|0x0000000084000000, 0x0000000084000000, 0x0000000084100000|  0%| F|  |TS  0|AC  0|TAMS 0x0000000084000000, 0x0000000084000000|
|  53|0x0000000084100000, 0x0000000084100000, 0x0000000084200000|  0%| F|  |TS  0|AC  0|TAMS 0x0000000084100000, 0x0000000084100000|
|  54|0x0000000084200000, 0x0000000084200000, 0x0000000084300000|  0%| F|  |TS  0|AC  0|TAMS 0x0000000084200000, 0x0000000084200000|
|  55|0x0000000084300000, 0x0000000084300000, 0x0000000084400000|  0%| F|  |TS  0|AC  0|TAMS 0x0000000084300000, 0x0000000084300000|
|  56|0x0000000084400000, 0x0000000084400000, 0x0000000084500000|  0%| F|  |TS  0|AC  0|TAMS 0x0000000084400000, 0x0000000084400000|
|  57|0x0000000084500000, 0x0000000084500000, 0x0000000084600000|  0%| F|  |TS  0|AC  0|TAMS 0x0000000084500000, 0x0000000084500000|
|  58|0x0000000084600000, 0x0000000084600000, 0x0000000084700000|  0%| F|  |TS  0|AC  0|TAMS 0x0000000084600000, 0x0000000084600000|
|  59|0x0000000084700000, 0x0000000084700000, 0x0000000084800000|  0%| F|  |TS  0|AC  0|TAMS 0x0000000084700000, 0x0000000084700000|
|  60|0x0000000084800000, 0x0000000084800000, 0x0000000084900000|  0%| F|  |TS  0|AC  0|TAMS 0x0000000084800000, 0x0000000084800000|
|  61|0x0000000084900000, 0x0000000084900000, 0x0000000084a00000|  0%| F|  |TS  0|AC  0|TAMS 0x0000000084900000, 0x0000000084900000|
|  62|0x0000000084a00000, 0x0000000084a00000, 0x0000000084b00000|  0%| F|  |TS  0|AC  0|TAMS 0x0000000084a00000, 0x0000000084a00000|
|  63|0x0000000084b00000, 0x0000000084b00000, 0x0000000084c00000|  0%| F|  |TS  0|AC  0|TAMS 0x0000000084b00000, 0x0000000084b00000|
|  64|0x0000000084c00000, 0x0000000084c00000, 0x0000000084d00000|  0%| F|  |TS  0|AC  0|TAMS 0x0000000084c00000, 0x0000000084c00000|
|  65|0x0000000084d00000, 0x0000000084d00000, 0x0000000084e00000|  0%| F|  |TS  0|AC  0|TAMS 0x0000000084d00000, 0x0000000084d00000|
|  66|0x0000000084e00000, 0x0000000084e00000, 0x0000000084f00000|  0%| F|  |TS  0|AC  0|TAMS 0x0000000084e00000, 0x0000000084e00000|
|  67|0x0000000084f00000, 0x0000000084f00000, 0x0000000085000000|  0%| F|  |TS  0|AC  0|TAMS 0x0000000084f00000, 0x0000000084f00000|
|  68|0x0000000085000000, 0x0000000085000000, 0x0000000085100000|  0%| F|  |TS  0|AC  0|TAMS 0x0000000085000000, 0x0000000085000000|
|  69|0x0000000085100000, 0x0000000085100000, 0x0000000085200000|  0%| F|  |TS  0|AC  0|TAMS 0x0000000085100000, 0x0000000085100000|
|  70|0x0000000085200000, 0x0000000085200000, 0x0000000085300000|  0%| F|  |TS  0|AC  0|TAMS 0x0000000085200000, 0x0000000085200000|
|  71|0x0000000085300000, 0x0000000085300000, 0x0000000085400000|  0%| F|  |TS  0|AC  0|TAMS 0x0000000085300000, 0x0000000085300000|
|  72|0x0000000085400000, 0x0000000085400000, 0x0000000085500000|  0%| F|  |TS  0|AC  0|TAMS 0x0000000085400000, 0x0000000085400000|
|  73|0x0000000085500000, 0x0000000085500000, 0x0000000085600000|  0%| F|  |TS  0|AC  0|TAMS 0x0000000085500000, 0x0000000085500000|
|  74|0x0000000085600000, 0x0000000085600000, 0x0000000085700000|  0%| F|  |TS  0|AC  0|TAMS 0x0000000085600000, 0x0000000085600000|
|  75|0x0000000085700000, 0x0000000085700000, 0x0000000085800000|  0%| F|  |TS  0|AC  0|TAMS 0x0000000085700000, 0x0000000085700000|
|  76|0x0000000085800000, 0x0000000085800000, 0x0000000085900000|  0%| F|  |TS  0|AC  0|TAMS 0x0000000085800000, 0x0000000085800000|
|  77|0x0000000085900000, 0x0000000085900000, 0x0000000085a00000|  0%| F|  |TS  0|AC  0|TAMS 0x0000000085900000, 0x0000000085900000|
|  78|0x0000000085a00000, 0x0000000085a00000, 0x0000000085b00000|  0%| F|  |TS  0|AC  0|TAMS 0x0000000085a00000, 0x0000000085a00000|
|  79|0x0000000085b00000, 0x0000000085b00000, 0x0000000085c00000|  0%| F|  |TS  0|AC  0|TAMS 0x0000000085b00000, 0x0000000085b00000|
|  80|0x0000000085c00000, 0x0000000085c00000, 0x0000000085d00000|  0%| F|  |TS  0|AC  0|TAMS 0x0000000085c00000, 0x0000000085c00000|
|  81|0x0000000085d00000, 0x0000000085d00000, 0x0000000085e00000|  0%| F|  |TS  0|AC  0|TAMS 0x0000000085d00000, 0x0000000085d00000|
|  82|0x0000000085e00000, 0x0000000085e00000, 0x0000000085f00000|  0%| F|  |TS  0|AC  0|TAMS 0x0000000085e00000, 0x0000000085e00000|
|  83|0x0000000085f00000, 0x0000000085f00000, 0x0000000086000000|  0%| F|  |TS  0|AC  0|TAMS 0x0000000085f00000, 0x0000000085f00000|
|  84|0x0000000086000000, 0x0000000086000000, 0x0000000086100000|  0%| F|  |TS  0|AC  0|TAMS 0x0000000086000000, 0x0000000086000000|
|  85|0x0000000086100000, 0x0000000086100000, 0x0000000086200000|  0%| F|  |TS  0|AC  0|TAMS 0x0000000086100000, 0x0000000086100000|
|  86|0x0000000086200000, 0x0000000086200000, 0x0000000086300000|  0%| F|  |TS  0|AC  0|TAMS 0x0000000086200000, 0x0000000086200000|
|  87|0x0000000086300000, 0x0000000086300000, 0x0000000086400000|  0%| F|  |TS  0|AC  0|TAMS 0x0000000086300000, 0x0000000086300000|
|  88|0x0000000086400000, 0x0000000086400000, 0x0000000086500000|  0%| F|  |TS  0|AC  0|TAMS 0x0000000086400000, 0x0000000086400000|
|  89|0x0000000086500000, 0x0000000086500000, 0x0000000086600000|  0%| F|  |TS  0|AC  0|TAMS 0x0000000086500000, 0x0000000086500000|
|  90|0x0000000086600000, 0x0000000086600000, 0x0000000086700000|  0%| F|  |TS  0|AC  0|TAMS 0x0000000086600000, 0x0000000086600000|
|  91|0x0000000086700000, 0x0000000086700000, 0x0000000086800000|  0%| F|  |TS  0|AC  0|TAMS 0x0000000086700000, 0x0000000086700000|
|  92|0x0000000086800000, 0x0000000086800000, 0x0000000086900000|  0%| F|  |TS  0|AC  0|TAMS 0x0000000086800000, 0x0000000086800000|
|  93|0x0000000086900000, 0x0000000086900000, 0x0000000086a00000|  0%| F|  |TS  0|AC  0|TAMS 0x0000000086900000, 0x0000000086900000|
|  94|0x0000000086a00000, 0x0000000086a00000, 0x0000000086b00000|  0%| F|  |TS  0|AC  0|TAMS 0x0000000086a00000, 0x0000000086a00000|
|  95|0x0000000086b00000, 0x0000000086b00000, 0x0000000086c00000|  0%| F|  |TS  0|AC  0|TAMS 0x0000000086b00000, 0x0000000086b00000|
|  96|0x0000000086c00000, 0x0000000086c00000, 0x0000000086d00000|  0%| F|  |TS  0|AC  0|TAMS 0x0000000086c00000, 0x0000000086c00000|
|  97|0x0000000086d00000, 0x0000000086e00000, 0x0000000086e00000|100%| E|  |TS  0|AC  0|TAMS 0x0000000086d00000, 0x0000000086d00000|
|  98|0x0000000086e00000, 0x0000000086f00000, 0x0000000086f00000|100%| E|CS|TS  0|AC  0|TAMS 0x0000000086e00000, 0x0000000086e00000|
|  99|0x0000000086f00000, 0x0000000087000000, 0x0000000087000000|100%| E|CS|TS  0|AC  0|TAMS 0x0000000086f00000, 0x0000000086f00000|
| 100|0x0000000087000000, 0x0000000087100000, 0x0000000087100000|100%| E|CS|TS  0|AC  0|TAMS 0x0000000087000000, 0x0000000087000000|
| 101|0x0000000087100000, 0x0000000087200000, 0x0000000087200000|100%| E|CS|TS  0|AC  0|TAMS 0x0000000087100000, 0x0000000087100000|
| 102|0x0000000087200000, 0x0000000087300000, 0x0000000087300000|100%| E|CS|TS  0|AC  0|TAMS 0x0000000087200000, 0x0000000087200000|
| 103|0x0000000087300000, 0x0000000087400000, 0x0000000087400000|100%| E|CS|TS  0|AC  0|TAMS 0x0000000087300000, 0x0000000087300000|
| 104|0x0000000087400000, 0x0000000087500000, 0x0000000087500000|100%| E|CS|TS  0|AC  0|TAMS 0x0000000087400000, 0x0000000087400000|
| 105|0x0000000087500000, 0x0000000087600000, 0x0000000087600000|100%| E|CS|TS  0|AC  0|TAMS 0x0000000087500000, 0x0000000087500000|
| 106|0x0000000087600000, 0x0000000087700000, 0x0000000087700000|100%| E|CS|TS  0|AC  0|TAMS 0x0000000087600000, 0x0000000087600000|
| 107|0x0000000087700000, 0x0000000087800000, 0x0000000087800000|100%| E|CS|TS  0|AC  0|TAMS 0x0000000087700000, 0x0000000087700000|
| 108|0x0000000087800000, 0x0000000087900000, 0x0000000087900000|100%| E|CS|TS  0|AC  0|TAMS 0x0000000087800000, 0x0000000087800000|
| 109|0x0000000087900000, 0x0000000087a00000, 0x0000000087a00000|100%| E|CS|TS  0|AC  0|TAMS 0x0000000087900000, 0x0000000087900000|
| 110|0x0000000087a00000, 0x0000000087b00000, 0x0000000087b00000|100%| E|CS|TS  0|AC  0|TAMS 0x0000000087a00000, 0x0000000087a00000|
| 111|0x0000000087b00000, 0x0000000087c00000, 0x0000000087c00000|100%| E|CS|TS  0|AC  0|TAMS 0x0000000087b00000, 0x0000000087b00000|
| 112|0x0000000087c00000, 0x0000000087d00000, 0x0000000087d00000|100%| S|CS|TS  1|AC  0|TAMS 0x0000000087c00000, 0x0000000087c00000|
| 113|0x0000000087d00000, 0x0000000087e00000, 0x0000000087e00000|100%| S|CS|TS  1|AC  0|TAMS 0x0000000087d00000, 0x0000000087d00000|
| 114|0x0000000087e00000, 0x0000000087f00000, 0x0000000087f00000|100%| E|CS|TS  1|AC  0|TAMS 0x0000000087e00000, 0x0000000087e00000|
| 115|0x0000000087f00000, 0x0000000088000000, 0x0000000088000000|100%| E|CS|TS  1|AC  0|TAMS 0x0000000087f00000, 0x0000000087f00000|
| 116|0x0000000088000000, 0x0000000088100000, 0x0000000088100000|100%| E|CS|TS  1|AC  0|TAMS 0x0000000088000000, 0x0000000088000000|
| 117|0x0000000088100000, 0x0000000088200000, 0x0000000088200000|100%| E|CS|TS  1|AC  0|TAMS 0x0000000088100000, 0x0000000088100000|
| 118|0x0000000088200000, 0x0000000088300000, 0x0000000088300000|100%| E|CS|TS  1|AC  0|TAMS 0x0000000088200000, 0x0000000088200000|
| 119|0x0000000088300000, 0x0000000088400000, 0x0000000088400000|100%| E|CS|TS  1|AC  0|TAMS 0x0000000088300000, 0x0000000088300000|
| 120|0x0000000088400000, 0x0000000088500000, 0x0000000088500000|100%| E|CS|TS  1|AC  0|TAMS 0x0000000088400000, 0x0000000088400000|
| 121|0x0000000088500000, 0x0000000088600000, 0x0000000088600000|100%| E|CS|TS  1|AC  0|TAMS 0x0000000088500000, 0x0000000088500000|
| 122|0x0000000088600000, 0x0000000088700000, 0x0000000088700000|100%| E|CS|TS  1|AC  0|TAMS 0x0000000088600000, 0x0000000088600000|
| 123|0x0000000088700000, 0x0000000088800000, 0x0000000088800000|100%| E|CS|TS  1|AC  0|TAMS 0x0000000088700000, 0x0000000088700000|
| 124|0x0000000088800000, 0x0000000088900000, 0x0000000088900000|100%| E|CS|TS  1|AC  0|TAMS 0x0000000088800000, 0x0000000088800000|
| 125|0x0000000088900000, 0x0000000088a00000, 0x0000000088a00000|100%| E|CS|TS  1|AC  0|TAMS 0x0000000088900000, 0x0000000088900000|
| 126|0x0000000088a00000, 0x0000000088b00000, 0x0000000088b00000|100%| E|CS|TS  1|AC  0|TAMS 0x0000000088a00000, 0x0000000088a00000|
| 127|0x0000000088b00000, 0x0000000088c00000, 0x0000000088c00000|100%| E|CS|TS  1|AC  0|TAMS 0x0000000088b00000, 0x0000000088b00000|

Card table byte_map: [0x000001ef8f800000,0x000001ef8fc00000] byte_map_base: 0x000001ef8f3fa000

Marking Bits (Prev, Next): (CMBitMap*) 0x000001eff3a69580, (CMBitMap*) 0x000001eff3a695b8
 Prev Bits: [0x000001ef90000000, 0x000001ef91fd0000)
 Next Bits: [0x000001ef91fd0000, 0x000001ef93fa0000)

Polling page: 0x000001eff1760000

CodeHeap 'non-profiled nmethods': size=120064Kb used=588Kb max_used=588Kb free=119475Kb
 bounds [0x000001ef87ac0000, 0x000001ef87d30000, 0x000001ef8f000000]
CodeHeap 'profiled nmethods': size=120000Kb used=2791Kb max_used=2791Kb free=117208Kb
 bounds [0x000001ef80590000, 0x000001ef80850000, 0x000001ef87ac0000]
CodeHeap 'non-nmethods': size=5696Kb used=1582Kb max_used=1582Kb free=4113Kb
 bounds [0x000001ef80000000, 0x000001ef80270000, 0x000001ef80590000]
 total_blobs=2711 nmethods=1424 adapters=848
 compilation: enabled

Compilation events (10 events):
Event: 1.934 Thread 0x000001ef96e7d800 1422       3       jogamp.opengl.glu.GLUquadricImpl::sin (7 bytes)
Event: 1.934 Thread 0x000001ef96e7d800 nmethod 1422 0x000001ef80848110 code [0x000001ef808482c0, 0x000001ef80848438]
Event: 1.934 Thread 0x000001ef96e7d800 1423       3       com.jogamp.opengl.GLContext::isGL2 (27 bytes)
Event: 1.935 Thread 0x000001ef96e7d800 nmethod 1423 0x000001ef80848510 code [0x000001ef808486c0, 0x000001ef80848958]
Event: 1.935 Thread 0x000001ef96e7d800 1424       3       jogamp.opengl.gl4.GL4bcImpl::getGL2 (20 bytes)
Event: 1.935 Thread 0x000001ef96e7d800 nmethod 1424 0x000001ef80848a10 code [0x000001ef80848be0, 0x000001ef80849110]
Event: 1.935 Thread 0x000001ef96e7d800 1425       3       jogamp.opengl.gl4.GL4bcImpl::isGL2 (8 bytes)
Event: 1.935 Thread 0x000001ef96e7d800 nmethod 1425 0x000001ef80849290 code [0x000001ef80849440, 0x000001ef808497b8]
Event: 1.935 Thread 0x000001ef96e7d800 1426       3       jogamp.opengl.glu.GLUquadricImpl::cos (7 bytes)
Event: 1.935 Thread 0x000001ef96e7d800 nmethod 1426 0x000001ef80849890 code [0x000001ef80849a40, 0x000001ef80849bb8]

GC Heap History (2 events):
Event: 0.554 GC heap before
{Heap before GC invocations=0 (full 0):
 garbage-first heap   total 131072K, used 14336K [0x0000000080c00000, 0x0000000080d00400, 0x0000000100000000)
  region size 1024K, 14 young (14336K), 0 survivors (0K)
 Metaspace       used 10552K, capacity 10950K, committed 11136K, reserved 1058816K
  class space    used 984K, capacity 1065K, committed 1152K, reserved 1048576K
}
Event: 0.557 GC heap after
{Heap after GC invocations=1 (full 0):
 garbage-first heap   total 131072K, used 3662K [0x0000000080c00000, 0x0000000080d00400, 0x0000000100000000)
  region size 1024K, 2 young (2048K), 2 survivors (2048K)
 Metaspace       used 10552K, capacity 10950K, committed 11136K, reserved 1058816K
  class space    used 984K, capacity 1065K, committed 1152K, reserved 1048576K
}

Deoptimization events (10 events):
Event: 1.641 Thread 0x000001ef9cb50800 Uncommon trap: reason=class_check action=maybe_recompile pc=0x000001ef87b32f28 method=java.util.HashMap.putVal(ILjava/lang/Object;Ljava/lang/Object;ZZ)Ljava/lang/Object; @ 91 c2
Event: 1.701 Thread 0x000001ef9cb50800 Uncommon trap: reason=class_check action=maybe_recompile pc=0x000001ef87b32f28 method=java.util.HashMap.putVal(ILjava/lang/Object;Ljava/lang/Object;ZZ)Ljava/lang/Object; @ 91 c2
Event: 1.761 Thread 0x000001ef9cb50800 Uncommon trap: reason=class_check action=maybe_recompile pc=0x000001ef87b32f28 method=java.util.HashMap.putVal(ILjava/lang/Object;Ljava/lang/Object;ZZ)Ljava/lang/Object; @ 91 c2
Event: 1.765 Thread 0x000001ef9cb50800 Uncommon trap: reason=unstable_if action=reinterpret pc=0x000001ef87b30e34 method=java.lang.Integer.getChars(II[B)I @ 25 c2
Event: 1.798 Thread 0x000001ef9791c000 Uncommon trap: reason=class_check action=maybe_recompile pc=0x000001ef87b32ef0 method=java.util.HashMap.putVal(ILjava/lang/Object;Ljava/lang/Object;ZZ)Ljava/lang/Object; @ 203 c2
Event: 1.798 Thread 0x000001ef9791c000 Uncommon trap: reason=class_check action=maybe_recompile pc=0x000001ef87b32f28 method=java.util.HashMap.putVal(ILjava/lang/Object;Ljava/lang/Object;ZZ)Ljava/lang/Object; @ 91 c2
Event: 1.798 Thread 0x000001ef9791c000 Uncommon trap: reason=unstable_if action=reinterpret pc=0x000001ef87ae0a60 method=java.lang.CharacterData.of(I)Ljava/lang/CharacterData; @ 4 c2
Event: 1.824 Thread 0x000001ef9790d000 Uncommon trap: reason=unstable_if action=reinterpret pc=0x000001ef87b39d38 method=java.lang.reflect.Field.getFieldAccessor(Ljava/lang/Object;)Ljdk/internal/reflect/FieldAccessor; @ 6 c2
Event: 1.838 Thread 0x000001ef9790d000 Uncommon trap: reason=unstable_if action=reinterpret pc=0x000001ef87b17cb8 method=java.lang.String.startsWith(Ljava/lang/String;I)Z @ 14 c2
Event: 1.853 Thread 0x000001ef9790d000 Uncommon trap: reason=unstable_if action=reinterpret pc=0x000001ef87b38c8c method=java.lang.reflect.AccessibleObject.checkCanSetAccessible(Ljava/lang/Class;Ljava/lang/Class;Z)Z @ 16 c2

Classes redefined (0 events):
No events

Internal exceptions (10 events):
Event: 0.679 Thread 0x000001ef9790d000 Exception <a 'java/lang/NoSuchMethodError'{0x0000000088aa0c98}: method resolution failed> (0x0000000088aa0c98) thrown at [t:/workspace/hotspot/src/share/vm/prims/methodHandles.cpp, line 1256]
Event: 0.679 Thread 0x000001ef9790d000 Exception <a 'java/lang/NoSuchMethodError'{0x0000000088aa4398}: java.lang.invoke.DirectMethodHandle$Holder.invokeStaticInit(Ljava/lang/Object;Ljava/lang/Object;JLjava/lang/Object;)Ljava/lang/Object;> (0x0000000088aa4398) thrown at [t:/workspace/hotspot/sr
Event: 0.679 Thread 0x000001ef9790d000 Exception <a 'java/lang/NoSuchMethodError'{0x0000000088aaa6a0}: java.lang.invoke.DirectMethodHandle$Holder.invokeStatic(Ljava/lang/Object;Ljava/lang/Object;J)Ljava/lang/Object;> (0x0000000088aaa6a0) thrown at [t:/workspace/hotspot/src/share/vm/interpreter
Event: 0.679 Thread 0x000001ef9790d000 Exception <a 'java/lang/NoSuchMethodError'{0x0000000088aadd10}: method resolution failed> (0x0000000088aadd10) thrown at [t:/workspace/hotspot/src/share/vm/prims/methodHandles.cpp, line 1256]
Event: 0.782 Thread 0x000001ef9790d000 Exception <a 'sun/nio/fs/WindowsException'{0x00000000889e1378}> (0x00000000889e1378) thrown at [t:/workspace/hotspot/src/share/vm/prims/jni.cpp, line 604]
Event: 1.842 Thread 0x000001ef9790d000 Exception <a 'java/lang/NoSuchMethodError'{0x00000000870acae0}: java.lang.invoke.DirectMethodHandle$Holder.invokeStatic(Ljava/lang/Object;Ljava/lang/Object;Ljava/lang/Object;Ljava/lang/Object;Ljava/lang/Object;Ljava/lang/Object;Ljava/lang/Object;Ljava/lan
Event: 1.843 Thread 0x000001ef9790d000 Exception <a 'java/lang/NoSuchMethodError'{0x00000000870cc590}: java.lang.invoke.DirectMethodHandle$Holder.invokeStatic(Ljava/lang/Object;Ljava/lang/Object;Ljava/lang/Object;Ljava/lang/Object;Ljava/lang/Object;Ljava/lang/Object;Ljava/lang/Object;Ljava/lan
Event: 1.844 Thread 0x000001ef9790d000 Exception <a 'java/lang/NoSuchMethodError'{0x00000000870ece38}: java.lang.invoke.DirectMethodHandle$Holder.invokeStatic(Ljava/lang/Object;Ljava/lang/Object;Ljava/lang/Object;Ljava/lang/Object;Ljava/lang/Object;Ljava/lang/Object;Ljava/lang/Object;Ljava/lan
Event: 1.853 Thread 0x000001ef9790d000 Exception <a 'java/lang/reflect/InvocationTargetException'{0x0000000086f66b40}> (0x0000000086f66b40) thrown at [t:/workspace/hotspot/src/share/vm/runtime/reflection.cpp, line 1213]
Event: 1.929 Thread 0x000001ef9790d000 Exception <a 'java/lang/NullPointerException'{0x0000000086db4818}> (0x0000000086db4818) thrown at [t:/workspace/hotspot/src/share/vm/interpreter/linkResolver.cpp, line 1311]

Events (10 events):
Event: 1.930 loading class java/lang/Throwable$WrappedPrintStream done
Event: 1.930 loading class java/util/IdentityHashMap$KeySet
Event: 1.930 loading class java/util/IdentityHashMap$KeySet done
Event: 1.930 loading class java/lang/StackTraceElement$HashedModules
Event: 1.930 loading class java/lang/StackTraceElement$HashedModules done
Event: 1.931 loading class com/jogamp/opengl/math/VectorUtil
Event: 1.931 loading class com/jogamp/opengl/math/VectorUtil done
Event: 1.932 Thread 0x000001ef9d358800 Thread exited: 0x000001ef9d358800
Event: 1.932 loading class jogamp/opengl/glu/GLUquadricImpl
Event: 1.932 loading class jogamp/opengl/glu/GLUquadricImpl done


Dynamic libraries:
0x00007ff68db30000 - 0x00007ff68db6e000 	C:\Program Files\Java\jdk-9.0.1\bin\java.exe
0x00007ff8d87b0000 - 0x00007ff8d8990000 	C:\WINDOWS\SYSTEM32\ntdll.dll
0x00007ff8d5e00000 - 0x00007ff8d5eae000 	C:\WINDOWS\System32\KERNEL32.DLL
0x00007ff8d4d30000 - 0x00007ff8d4f96000 	C:\WINDOWS\System32\KERNELBASE.dll
0x00007ff8d6300000 - 0x00007ff8d63a1000 	C:\WINDOWS\System32\ADVAPI32.dll
0x00007ff8d86e0000 - 0x00007ff8d877d000 	C:\WINDOWS\System32\msvcrt.dll
0x00007ff8d5ec0000 - 0x00007ff8d5f1b000 	C:\WINDOWS\System32\sechost.dll
0x00007ff8d8010000 - 0x00007ff8d812f000 	C:\WINDOWS\System32\RPCRT4.dll
0x00007ff8d68a0000 - 0x00007ff8d6a2f000 	C:\WINDOWS\System32\USER32.dll
0x00007ff8d5a20000 - 0x00007ff8d5a40000 	C:\WINDOWS\System32\win32u.dll
0x00007ff8d5dd0000 - 0x00007ff8d5df8000 	C:\WINDOWS\System32\GDI32.dll
0x00007ff8d5ae0000 - 0x00007ff8d5c73000 	C:\WINDOWS\System32\gdi32full.dll
0x00007ff8d5a40000 - 0x00007ff8d5adb000 	C:\WINDOWS\System32\msvcp_win.dll
0x00007ff8d5920000 - 0x00007ff8d5a16000 	C:\WINDOWS\System32\ucrtbase.dll
0x00007ff8c90a0000 - 0x00007ff8c9309000 	C:\WINDOWS\WinSxS\amd64_microsoft.windows.common-controls_6595b64144ccf1df_6.0.16299.371_none_15c7d1789365a290\COMCTL32.dll
0x00007ff8d5f20000 - 0x00007ff8d6228000 	C:\WINDOWS\System32\combase.dll
0x00007ff8d4cb0000 - 0x00007ff8d4d22000 	C:\WINDOWS\System32\bcryptPrimitives.dll
0x00007ff8d3d70000 - 0x00007ff8d3d7a000 	C:\WINDOWS\SYSTEM32\VERSION.dll
0x00007ff8d5d00000 - 0x00007ff8d5d2d000 	C:\WINDOWS\System32\IMM32.DLL
0x00007ff8b33d0000 - 0x00007ff8b34bf000 	C:\Program Files\Java\jdk-9.0.1\bin\msvcr120.dll
0x00007ff8b5de0000 - 0x00007ff8b5e86000 	C:\Program Files\Java\jdk-9.0.1\bin\msvcp120.dll
0x0000000076d90000 - 0x00000000777b4000 	C:\Program Files\Java\jdk-9.0.1\bin\server\jvm.dll
0x00007ff8d6520000 - 0x00007ff8d6528000 	C:\WINDOWS\System32\PSAPI.DLL
0x00007ff8cd060000 - 0x00007ff8cd069000 	C:\WINDOWS\SYSTEM32\WSOCK32.dll
0x00007ff8c9070000 - 0x00007ff8c9093000 	C:\WINDOWS\SYSTEM32\WINMM.dll
0x00007ff8d6610000 - 0x00007ff8d667c000 	C:\WINDOWS\System32\WS2_32.dll
0x00007ff8c9040000 - 0x00007ff8c906a000 	C:\WINDOWS\SYSTEM32\winmmbase.dll
0x00007ff8d4bb0000 - 0x00007ff8d4bfa000 	C:\WINDOWS\System32\cfgmgr32.dll
0x00007ff8cde00000 - 0x00007ff8cde0f000 	C:\Program Files\Java\jdk-9.0.1\bin\verify.dll
0x00007ff8bb940000 - 0x00007ff8bb967000 	C:\Program Files\Java\jdk-9.0.1\bin\java.dll
0x00007ff8b2170000 - 0x00007ff8b219a000 	C:\Program Files\Java\jdk-9.0.1\bin\instrument.dll
0x00007ff8bf320000 - 0x00007ff8bf336000 	C:\Program Files\Java\jdk-9.0.1\bin\zip.dll
0x00007ff8cddf0000 - 0x00007ff8cddfa000 	C:\Program Files\Java\jdk-9.0.1\bin\jimage.dll
0x00007ff8d6a30000 - 0x00007ff8d7e66000 	C:\WINDOWS\System32\SHELL32.dll
0x00007ff8d67f0000 - 0x00007ff8d6896000 	C:\WINDOWS\System32\shcore.dll
0x00007ff8d4fa0000 - 0x00007ff8d56e7000 	C:\WINDOWS\System32\windows.storage.dll
0x00007ff8d6530000 - 0x00007ff8d6581000 	C:\WINDOWS\System32\shlwapi.dll
0x00007ff8d4b70000 - 0x00007ff8d4b81000 	C:\WINDOWS\System32\kernel.appcore.dll
0x00007ff8d4b00000 - 0x00007ff8d4b4c000 	C:\WINDOWS\System32\powrprof.dll
0x00007ff8d4b50000 - 0x00007ff8d4b6b000 	C:\WINDOWS\System32\profapi.dll
0x00007ff8bbd80000 - 0x00007ff8bbd9a000 	C:\Program Files\Java\jdk-9.0.1\bin\net.dll
0x00007ff8d1370000 - 0x00007ff8d144e000 	C:\WINDOWS\SYSTEM32\WINHTTP.dll
0x00007ff8d4330000 - 0x00007ff8d4396000 	C:\WINDOWS\system32\mswsock.dll
0x00007ff8b8de0000 - 0x00007ff8b8df1000 	C:\Program Files\Java\jdk-9.0.1\bin\nio.dll
0x00007ff8b5ae0000 - 0x00007ff8b5afa000 	C:\Program Files\JetBrains\IntelliJ IDEA Community Edition 2017.3.1\bin\breakgen64.dll
0x00007ff8ad910000 - 0x00007ff8adaa9000 	C:\Program Files\Java\jdk-9.0.1\bin\awt.dll
0x00007ff8d6230000 - 0x00007ff8d62f5000 	C:\WINDOWS\System32\OLEAUT32.dll
0x00007ff8d2290000 - 0x00007ff8d2848000 	C:\WINDOWS\SYSTEM32\d2d1.dll
0x00007ff8d5750000 - 0x00007ff8d591e000 	C:\WINDOWS\System32\CRYPT32.dll
0x00007ff8d4b90000 - 0x00007ff8d4ba2000 	C:\WINDOWS\System32\MSASN1.dll
0x00007ff8d2eb0000 - 0x00007ff8d2f38000 	C:\WINDOWS\SYSTEM32\apphelp.dll
0x00007ff8d33c0000 - 0x00007ff8d3455000 	C:\WINDOWS\system32\uxtheme.dll
0x00007ff8d6680000 - 0x00007ff8d67e7000 	C:\WINDOWS\System32\MSCTF.dll
0x00007ff8d3580000 - 0x00007ff8d35aa000 	C:\WINDOWS\system32\dwmapi.dll
0x00007ff8d8130000 - 0x00007ff8d8279000 	C:\WINDOWS\System32\ole32.dll
0x00007ff8b37f0000 - 0x00007ff8b390e000 	C:\WINDOWS\system32\opengl32.dll
0x00007ff8c11d0000 - 0x00007ff8c11fc000 	C:\WINDOWS\SYSTEM32\GLU32.dll
0x00007ff8c3590000 - 0x00007ff8c3725000 	C:\WINDOWS\system32\d3d9.dll
0x00007ff8c5100000 - 0x00007ff8c51eb000 	C:\WINDOWS\System32\DriverStore\FileRepository\nv_dispi.inf_amd64_c1a085cc86772d3f\nvldumdx.dll
0x00007ff8d56f0000 - 0x00007ff8d5748000 	C:\WINDOWS\System32\WINTRUST.DLL
0x00007ff8d5c80000 - 0x00007ff8d5c9d000 	C:\WINDOWS\System32\imagehlp.dll
0x00007ff8d44f0000 - 0x00007ff8d4507000 	C:\WINDOWS\SYSTEM32\CRYPTSP.dll
0x00007ff8d3f30000 - 0x00007ff8d3f63000 	C:\WINDOWS\system32\rsaenh.dll
0x00007ff8d4600000 - 0x00007ff8d4625000 	C:\WINDOWS\SYSTEM32\bcrypt.dll
0x00007ff8d4510000 - 0x00007ff8d451b000 	C:\WINDOWS\SYSTEM32\CRYPTBASE.dll
0x00007ff8a7e50000 - 0x00007ff8a905d000 	C:\WINDOWS\System32\DriverStore\FileRepository\nv_dispi.inf_amd64_c1a085cc86772d3f\nvd3dumx.dll
0x00007ff8bf340000 - 0x00007ff8bf42c000 	C:\Program Files (x86)\NVIDIA Corporation\3D Vision\nvSCPAPI64.dll
0x00007ff8d8280000 - 0x00007ff8d86ce000 	C:\WINDOWS\System32\SETUPAPI.dll
0x00007ff8aafd0000 - 0x00007ff8ab236000 	C:\WINDOWS\system32\nvspcap64.dll
0x00007ff8d3bb0000 - 0x00007ff8d3be1000 	C:\WINDOWS\SYSTEM32\ntmarta.dll
0x00007ff8d4a30000 - 0x00007ff8d4a59000 	C:\WINDOWS\SYSTEM32\USERENV.dll
0x00007ff8d40c0000 - 0x00007ff8d40f9000 	C:\WINDOWS\SYSTEM32\IPHLPAPI.DLL
0x00007ff8d86d0000 - 0x00007ff8d86d8000 	C:\WINDOWS\System32\NSI.dll
0x00007ff8d0ea0000 - 0x00007ff8d0eb6000 	C:\WINDOWS\SYSTEM32\dhcpcsvc6.DLL
0x00007ff8d0b10000 - 0x00007ff8d0b2a000 	C:\WINDOWS\SYSTEM32\dhcpcsvc.DLL
0x00000000637c0000 - 0x00000000637cd000 	C:\Users\Hvìzdièka\AppData\Local\Temp\jogamp_0000\file_cache\jln13206525952708727005\jln2142952143578860493\natives\windows-amd64\gluegen-rt.dll
0x00007ff8c3070000 - 0x00007ff8c3077000 	C:\Program Files\Java\jdk-9.0.1\bin\jawt.dll
0x000000006a440000 - 0x000000006a44d000 	C:\Users\Hvìzdièka\AppData\Local\Temp\jogamp_0000\file_cache\jln13206525952708727005\jln2142952143578860493\natives\windows-amd64\nativewindow_awt.dll
0x000000006c100000 - 0x000000006c10f000 	C:\Users\Hvìzdièka\AppData\Local\Temp\jogamp_0000\file_cache\jln13206525952708727005\jln2142952143578860493\natives\windows-amd64\nativewindow_win32.dll
0x0000000064500000 - 0x00000000645b1000 	C:\Users\Hvìzdièka\AppData\Local\Temp\jogamp_0000\file_cache\jln13206525952708727005\jln2142952143578860493\natives\windows-amd64\jogl_desktop.dll
0x0000000064340000 - 0x00000000643a2000 	C:\Users\Hvìzdièka\AppData\Local\Temp\jogamp_0000\file_cache\jln13206525952708727005\jln2142952143578860493\natives\windows-amd64\jogl_mobile.dll
0x0000000074b50000 - 0x0000000076d8d000 	C:\WINDOWS\System32\DriverStore\FileRepository\nv_dispi.inf_amd64_c1a085cc86772d3f\nvoglv64.dll
0x00007ff8d12e0000 - 0x00007ff8d12f3000 	C:\WINDOWS\SYSTEM32\WTSAPI32.dll
0x00007ff8d48b0000 - 0x00007ff8d48d7000 	C:\WINDOWS\SYSTEM32\DEVOBJ.dll
0x00007ff8d4900000 - 0x00007ff8d4955000 	C:\WINDOWS\SYSTEM32\WINSTA.dll
0x00007ff8adc60000 - 0x00007ff8adcfd000 	C:\Program Files\Java\jdk-9.0.1\bin\fontmanager.dll
0x00007ff8c3790000 - 0x00007ff8c3828000 	C:\WINDOWS\System32\TextInputFramework.dll
0x00007ff8c4060000 - 0x00007ff8c434e000 	C:\WINDOWS\System32\CoreUIComponents.dll
0x00007ff8d1a20000 - 0x00007ff8d1afc000 	C:\WINDOWS\System32\CoreMessaging.dll
0x00007ff8cfd20000 - 0x00007ff8cfe56000 	C:\WINDOWS\SYSTEM32\wintypes.dll
0x00007ff8cf9e0000 - 0x00007ff8cfba8000 	C:\WINDOWS\SYSTEM32\dbghelp.dll

VM Arguments:
jvm_args: -javaagent:C:\Program Files\JetBrains\IntelliJ IDEA Community Edition 2017.3.1\lib\idea_rt.jar=52897:C:\Program Files\JetBrains\IntelliJ IDEA Community Edition 2017.3.1\bin -Dfile.encoding=UTF-8 
java_command: jogl09objectarrays.JOGLApp
java_class_path (initial): C:\Users\Hvìzdièka\Desktop\openGLHF\out\production\openGLHF;C:\Program Files\OpenGL\jogamp-all-platforms\jar\joal.jar;C:\Program Files\OpenGL\jogamp-all-platforms\jar\jocl.jar;C:\Program Files\OpenGL\jogamp-all-platforms\jar\gluegen.jar;C:\Program Files\OpenGL\jogamp-all-platforms\jar\jogl-all.jar;C:\Program Files\OpenGL\jogamp-all-platforms\jar\joal-test.jar;C:\Program Files\OpenGL\jogamp-all-platforms\jar\jocl-test.jar;C:\Program Files\OpenGL\jogamp-all-platforms\jar\jogl-test.jar;C:\Program Files\OpenGL\jogamp-all-platforms\jar\gluegen-rt.jar;C:\Program Files\OpenGL\jogamp-all-platforms\jar\joal-android.jar;C:\Program Files\OpenGL\jogamp-all-platforms\jar\jocl-android.jar;C:\Program Files\OpenGL\jogamp-all-platforms\jar\jogl-all-noawt.jar;C:\Program Files\OpenGL\jogamp-all-platforms\jar\jogl-all-mobile.jar;C:\Program Files\OpenGL\jogamp-all-platforms\jar\jogl-all-android.jar;C:\Program Files\OpenGL\jogamp-all-platforms\jar\gluegen-test-util.jar;C:\Program Files\OpenGL\jogamp-all-platforms\jar\joal-test-android.jar;C:\Program Files\OpenGL\jogamp-all-platforms\jar\jocl-test-android.jar;C:\Program Files\OpenGL\jogamp-all-platforms\jar\jogl-test-android.jar;C:\Program Files\OpenGL\jogamp-all-platforms\jar\gluegen-rt-android.jar;C:\Program Files\OpenGL\jogamp-all-platforms\jar\joal-natives-linux-i586.jar;C:\Program Files\OpenGL\jogamp-all-platforms\jar\jocl-natives-linux-i586.jar;C:\Program Files\OpenGL\jogamp-all-platforms\jar\joal-natives-linux-amd64.jar;C:\Program Files\OpenGL\jogamp-all-platforms\jar\joal-natives-linux-armv6.jar;C:\Program Files\OpenGL\jogamp-all-platforms\jar\jocl-natives-linux-amd64.jar;C:\Program Files\OpenGL\jogamp-all-platforms\jar\jocl-natives-linux-armv6.jar;C:\Program Files\OpenGL\jogamp-all-platforms\jar\joal-natives-solaris-i586.jar;C:\Program Files\OpenGL\jogamp-all-platforms\jar\joal-natives-windows-i586.jar;C:\Program Files\OpenGL\jogamp-all-platforms\jar\jocl-natives-solaris-i586.jar;C:\Program Files\Open
Launcher Type: SUN_STANDARD

Logging:
Log output configuration:
#0: stdout all=warning uptime,level,tags
#1: stderr all=off uptime,level,tags

Environment Variables:
PATH=C:\ProgramData\Oracle\Java\javapath;C:\Windows\system32;C:\Windows;C:\Windows\System32\Wbem;C:\Windows\System32\WindowsPowerShell\v1.0\;C:\Program Files (x86)\NVIDIA Corporation\PhysX\Common;C:\WINDOWS\system32;C:\WINDOWS;C:\WINDOWS\System32\Wbem;C:\WINDOWS\System32\WindowsPowerShell\v1.0\;C:\Users\Hvìzdièka\AppData\Local\Microsoft\WindowsApps;
USERNAME=Hvìzdièka
OS=Windows_NT
PROCESSOR_IDENTIFIER=Intel64 Family 6 Model 58 Stepping 9, GenuineIntel



---------------  S Y S T E M  ---------------

OS: Windows 10 , 64 bit Build 16299 (10.0.16299.15)

CPU:total 4 (initial active 4) (4 cores per cpu, 1 threads per core) family 6 model 58 stepping 9, cmov, cx8, fxsr, mmx, sse, sse2, sse3, ssse3, sse4.1, sse4.2, popcnt, avx, aes, clmul, erms, tsc, tscinvbit, tscinv

Memory: 4k page, physical 8337096k(3945464k free), swap 11487652k(5601324k free)

vm_info: Java HotSpot(TM) 64-Bit Server VM (9.0.1+11) for windows-amd64 JRE (9.0.1+11), built on Sep 28 2017 04:54:03 by "mach5one" with MS VC++ 12.0 (VS2013)

END.
